[2019-12-08T15:39:48.705] [DEBUG] cheese - login => username:sz,password:123456
[2019-12-08T15:39:48.707] [DEBUG] cheese - sz
[2019-12-08T15:39:48.715] [DEBUG] cheese - null
[2019-12-08T15:39:48.715] [DEBUG] cheese - null
[2019-12-08T15:40:24.068] [DEBUG] cheese - login => username:admin,password:123456
[2019-12-08T15:40:24.068] [DEBUG] cheese - admin
[2019-12-08T15:40:24.073] [DEBUG] cheese - null
[2019-12-08T15:40:24.073] [DEBUG] cheese - null
[2019-12-09T22:49:16.595] [DEBUG] cheese - login => username:admin,password:123456
[2019-12-09T22:49:16.596] [DEBUG] cheese - admin
[2019-12-09T22:49:16.631] [DEBUG] cheese - null
[2019-12-09T22:49:16.631] [DEBUG] cheese - null
[2019-12-09T22:51:39.124] [DEBUG] cheese - login => username:eaqw,password:asfdasfqwqw
[2019-12-09T22:51:39.124] [DEBUG] cheese - eaqw
[2019-12-09T22:51:39.129] [DEBUG] cheese - null
[2019-12-09T22:51:39.129] [DEBUG] cheese - null
[2019-12-09T22:51:49.912] [DEBUG] cheese - login => username:admin,password:123456
[2019-12-09T22:51:49.912] [DEBUG] cheese - admin
[2019-12-09T22:51:49.915] [DEBUG] cheese - null
[2019-12-09T22:51:49.915] [DEBUG] cheese - null
[2019-12-09T22:54:47.089] [DEBUG] cheese - login => username:admin,password:123456
[2019-12-09T22:54:47.089] [DEBUG] cheese - admin
[2019-12-09T22:54:47.095] [DEBUG] cheese - null
[2019-12-09T22:54:47.095] [DEBUG] cheese - null
[2019-12-10T19:35:29.472] [DEBUG] cheese - login => username:admin,password:123456
[2019-12-10T19:35:29.477] [DEBUG] cheese - admin
[2019-12-10T19:35:29.543] [DEBUG] cheese - null
[2019-12-10T19:35:29.544] [DEBUG] cheese - null
[2019-12-10T19:35:31.767] [DEBUG] cheese - login => username:admin,password:123456
[2019-12-10T19:35:31.768] [DEBUG] cheese - admin
[2019-12-10T19:35:31.774] [DEBUG] cheese - null
[2019-12-10T19:35:31.774] [DEBUG] cheese - null
[2019-12-10T19:35:51.533] [DEBUG] cheese - login => username:admin,password:123456
[2019-12-10T19:35:51.533] [DEBUG] cheese - admin
[2019-12-10T19:35:51.539] [DEBUG] cheese - null
[2019-12-10T19:35:51.539] [DEBUG] cheese - null
[2019-12-10T19:35:52.157] [DEBUG] cheese - login => username:admin,password:123456
[2019-12-10T19:35:52.158] [DEBUG] cheese - admin
[2019-12-10T19:35:52.163] [DEBUG] cheese - null
[2019-12-10T19:35:52.163] [DEBUG] cheese - null
[2019-12-10T19:35:52.410] [DEBUG] cheese - login => username:admin,password:123456
[2019-12-10T19:35:52.410] [DEBUG] cheese - admin
[2019-12-10T19:35:52.415] [DEBUG] cheese - null
[2019-12-10T19:35:52.415] [DEBUG] cheese - null
[2019-12-10T19:36:25.825] [DEBUG] cheese - login => username:adminwqw,password:123456
[2019-12-10T19:36:25.825] [DEBUG] cheese - adminwqw
[2019-12-10T19:36:25.829] [DEBUG] cheese - null
[2019-12-10T19:36:25.829] [DEBUG] cheese - null
[2019-12-10T19:36:26.642] [DEBUG] cheese - login => username:adminwqw,password:123456
[2019-12-10T19:36:26.642] [DEBUG] cheese - adminwqw
[2019-12-10T19:36:26.646] [DEBUG] cheese - null
[2019-12-10T19:36:26.647] [DEBUG] cheese - null
[2019-12-10T19:36:26.872] [DEBUG] cheese - login => username:adminwqw,password:123456
[2019-12-10T19:36:26.872] [DEBUG] cheese - adminwqw
[2019-12-10T19:36:26.878] [DEBUG] cheese - null
[2019-12-10T19:36:26.878] [DEBUG] cheese - null
[2019-12-10T19:36:27.117] [DEBUG] cheese - login => username:adminwqw,password:123456
[2019-12-10T19:36:27.117] [DEBUG] cheese - adminwqw
[2019-12-10T19:36:27.121] [DEBUG] cheese - null
[2019-12-10T19:36:27.121] [DEBUG] cheese - null
[2019-12-10T19:36:47.486] [DEBUG] cheese - login => username:admin,password:123456
[2019-12-10T19:36:47.487] [DEBUG] cheese - admin
[2019-12-10T19:36:47.492] [DEBUG] cheese - null
[2019-12-10T19:36:47.492] [DEBUG] cheese - null
[2019-12-10T19:37:26.216] [DEBUG] cheese - login => username:admin,password:123456
[2019-12-10T19:37:26.216] [DEBUG] cheese - admin
[2019-12-10T19:37:26.222] [DEBUG] cheese - null
[2019-12-10T19:37:26.222] [DEBUG] cheese - null
[2019-12-10T19:37:30.669] [DEBUG] cheese - login => username:admina'sa,password:123456
[2019-12-10T19:37:30.670] [DEBUG] cheese - admina'sa
[2019-12-10T19:37:30.674] [DEBUG] cheese - null
[2019-12-10T19:37:30.674] [DEBUG] cheese - null
[2019-12-10T19:37:37.975] [DEBUG] cheese - login => username:admin,password:123456
[2019-12-10T19:37:37.975] [DEBUG] cheese - admin
[2019-12-10T19:37:37.979] [DEBUG] cheese - null
[2019-12-10T19:37:37.979] [DEBUG] cheese - null
[2019-12-10T19:44:25.112] [DEBUG] cheese - login => username:admin,password:123456
[2019-12-10T19:44:25.113] [DEBUG] cheese - admin
[2019-12-10T19:44:25.121] [DEBUG] cheese - null
[2019-12-10T19:44:25.122] [DEBUG] cheese - null
[2019-12-10T19:51:37.337] [DEBUG] cheese - login => username:admin,password:123456
[2019-12-10T19:51:37.337] [DEBUG] cheese - admin
[2019-12-10T19:51:37.346] [DEBUG] cheese - null
[2019-12-10T19:51:37.346] [DEBUG] cheese - null
[2019-12-10T20:15:03.418] [DEBUG] cheese - login => username:admin,password:123456
[2019-12-10T20:15:03.418] [DEBUG] cheese - admin
[2019-12-10T20:15:03.429] [DEBUG] cheese - null
[2019-12-10T20:15:03.429] [DEBUG] cheese - null
[2019-12-10T20:15:06.916] [DEBUG] cheese - login => username:admin,password:123456
[2019-12-10T20:15:06.916] [DEBUG] cheese - admin
[2019-12-10T20:15:06.920] [DEBUG] cheese - null
[2019-12-10T20:15:06.920] [DEBUG] cheese - null
[2019-12-10T20:15:09.978] [DEBUG] cheese - login => username:admin,password:123456
[2019-12-10T20:15:09.979] [DEBUG] cheese - admin
[2019-12-10T20:15:09.984] [DEBUG] cheese - null
[2019-12-10T20:15:09.984] [DEBUG] cheese - null
[2019-12-10T20:15:12.552] [DEBUG] cheese - login => username:admin,password:123456
[2019-12-10T20:15:12.553] [DEBUG] cheese - admin
[2019-12-10T20:15:12.557] [DEBUG] cheese - null
[2019-12-10T20:15:12.557] [DEBUG] cheese - null
[2019-12-10T20:15:14.923] [DEBUG] cheese - login => username:admin,password:123456
[2019-12-10T20:15:14.924] [DEBUG] cheese - admin
[2019-12-10T20:15:14.928] [DEBUG] cheese - null
[2019-12-10T20:15:14.928] [DEBUG] cheese - null
[2019-12-10T20:15:20.915] [DEBUG] cheese - login => username:admin,password:123456
[2019-12-10T20:15:20.916] [DEBUG] cheese - admin
[2019-12-10T20:15:20.920] [DEBUG] cheese - null
[2019-12-10T20:15:20.920] [DEBUG] cheese - null
[2019-12-10T20:45:21.990] [DEBUG] cheese - login => username:admin,password:123456
[2019-12-10T20:45:21.991] [DEBUG] cheese - admin
[2019-12-10T20:45:21.999] [DEBUG] cheese - null
[2019-12-10T20:45:21.999] [DEBUG] cheese - null
[2019-12-10T21:08:55.125] [DEBUG] cheese - login => username:admin,password:123456
[2019-12-10T21:08:55.125] [DEBUG] cheese - admin
[2019-12-10T21:08:55.133] [DEBUG] cheese - null
[2019-12-10T21:08:55.133] [DEBUG] cheese - null
[2019-12-11T19:30:23.610] [DEBUG] cheese - login => username:admin,password:123456
[2019-12-11T19:30:23.611] [DEBUG] cheese - admin
[2019-12-11T19:30:23.640] [DEBUG] cheese - null
[2019-12-11T19:30:23.640] [DEBUG] cheese - null
[2019-12-11T21:26:01.187] [DEBUG] cheese - login => username:admin,password:123456
[2019-12-11T21:26:01.189] [DEBUG] cheese - admin
[2019-12-11T21:26:01.208] [DEBUG] cheese - null
[2019-12-11T21:26:01.208] [DEBUG] cheese - null
[2019-12-11T21:33:01.432] [DEBUG] cheese - login => username:admin,password:123456
[2019-12-11T21:33:01.432] [DEBUG] cheese - admin
[2019-12-11T21:33:01.435] [DEBUG] cheese - null
[2019-12-11T21:33:01.435] [DEBUG] cheese - null
[2019-12-11T21:36:41.420] [DEBUG] cheese - login => username:admin,password:123456
[2019-12-11T21:36:41.420] [DEBUG] cheese - admin
[2019-12-11T21:36:41.424] [DEBUG] cheese - null
[2019-12-11T21:36:41.424] [DEBUG] cheese - null
[2019-12-11T21:37:06.161] [DEBUG] cheese - login => username:admin,password:123456
[2019-12-11T21:37:06.161] [DEBUG] cheese - admin
[2019-12-11T21:37:06.163] [DEBUG] cheese - null
[2019-12-11T21:37:06.163] [DEBUG] cheese - null
[2019-12-12T19:49:09.563] [DEBUG] cheese - login => username:admin,password:123456
[2019-12-12T19:49:09.564] [DEBUG] cheese - admin
[2019-12-12T19:49:09.592] [DEBUG] cheese - null
[2019-12-12T19:49:09.593] [DEBUG] cheese - null
[2019-12-13T19:50:18.759] [DEBUG] cheese - login => username:admin,password:123456
[2019-12-13T19:50:18.760] [DEBUG] cheese - admin
[2019-12-13T19:50:18.791] [DEBUG] cheese - null
[2019-12-13T19:50:18.791] [DEBUG] cheese - null
[2019-12-13T20:22:33.622] [DEBUG] cheese - login => username:admin,password:123456
[2019-12-13T20:22:33.623] [DEBUG] cheese - admin
[2019-12-13T20:22:33.645] [DEBUG] cheese - null
[2019-12-13T20:22:33.646] [DEBUG] cheese - null
[2019-12-16T19:59:54.023] [DEBUG] cheese - login => username:admin,password:123456
[2019-12-16T19:59:54.026] [DEBUG] cheese - admin
[2019-12-16T19:59:54.062] [DEBUG] cheese - null
[2019-12-16T19:59:54.063] [DEBUG] cheese - null
[2019-12-26T20:28:39.127] [DEBUG] cheese - login => username:admin,password:123456
[2019-12-26T20:28:39.128] [DEBUG] cheese - admin
[2019-12-26T20:28:39.157] [DEBUG] cheese - null
[2019-12-26T20:28:39.158] [DEBUG] cheese - null
